<?xml version="1.0" encoding="UTF-8"?>
<testsuite xmlns:xsi="http://www.w3.org/2001/XMLSchema-instance" xsi:noNamespaceSchemaLocation="https://maven.apache.org/surefire/maven-surefire-plugin/xsd/surefire-test-report-3.0.xsd" version="3.0" name="com.devlive.MainTest" time="0.713" tests="1" errors="0" skipped="0" failures="0">
  <properties>
    <property name="java.specification.version" value="15"/>
    <property name="sun.jnu.encoding" value="UTF-8"/>
    <property name="java.class.path" value="/home/jarotball/study/MyDevSecOps_Community/oci_developer/oci_to_build_java_app_helidon/lab_1/java-devlive/target/test-classes:/home/jarotball/study/MyDevSecOps_Community/oci_developer/oci_to_build_java_app_helidon/lab_1/java-devlive/target/classes:/home/jarotball/.m2/repository/io/helidon/webserver/helidon-webserver/2.4.2/helidon-webserver-2.4.2.jar:/home/jarotball/.m2/repository/io/helidon/common/helidon-common-reactive/2.4.2/helidon-common-reactive-2.4.2.jar:/home/jarotball/.m2/repository/io/helidon/common/helidon-common-mapper/2.4.2/helidon-common-mapper-2.4.2.jar:/home/jarotball/.m2/repository/io/helidon/common/helidon-common/2.4.2/helidon-common-2.4.2.jar:/home/jarotball/.m2/repository/io/helidon/common/helidon-common-http/2.4.2/helidon-common-http-2.4.2.jar:/home/jarotball/.m2/repository/io/helidon/media/helidon-media-common/2.4.2/helidon-media-common-2.4.2.jar:/home/jarotball/.m2/repository/io/helidon/config/helidon-config/2.4.2/helidon-config-2.4.2.jar:/home/jarotball/.m2/repository/io/helidon/common/helidon-common-media-type/2.4.2/helidon-common-media-type-2.4.2.jar:/home/jarotball/.m2/repository/io/helidon/common/helidon-common-key-util/2.4.2/helidon-common-key-util-2.4.2.jar:/home/jarotball/.m2/repository/io/helidon/logging/helidon-logging-common/2.4.2/helidon-logging-common-2.4.2.jar:/home/jarotball/.m2/repository/io/opentracing/opentracing-util/0.33.0/opentracing-util-0.33.0.jar:/home/jarotball/.m2/repository/io/opentracing/opentracing-api/0.33.0/opentracing-api-0.33.0.jar:/home/jarotball/.m2/repository/io/opentracing/opentracing-noop/0.33.0/opentracing-noop-0.33.0.jar:/home/jarotball/.m2/repository/io/helidon/tracing/helidon-tracing-config/2.4.2/helidon-tracing-config-2.4.2.jar:/home/jarotball/.m2/repository/io/netty/netty-codec-http/4.1.73.Final/netty-codec-http-4.1.73.Final.jar:/home/jarotball/.m2/repository/io/netty/netty-common/4.1.73.Final/netty-common-4.1.73.Final.jar:/home/jarotball/.m2/repository/io/netty/netty-transport/4.1.73.Final/netty-transport-4.1.73.Final.jar:/home/jarotball/.m2/repository/io/netty/netty-codec/4.1.73.Final/netty-codec-4.1.73.Final.jar:/home/jarotball/.m2/repository/io/netty/netty-codec-http2/4.1.73.Final/netty-codec-http2-4.1.73.Final.jar:/home/jarotball/.m2/repository/io/netty/netty-handler/4.1.73.Final/netty-handler-4.1.73.Final.jar:/home/jarotball/.m2/repository/io/netty/netty-resolver/4.1.73.Final/netty-resolver-4.1.73.Final.jar:/home/jarotball/.m2/repository/io/netty/netty-tcnative-classes/2.0.46.Final/netty-tcnative-classes-2.0.46.Final.jar:/home/jarotball/.m2/repository/io/helidon/media/helidon-media-jsonp/2.4.2/helidon-media-jsonp-2.4.2.jar:/home/jarotball/.m2/repository/org/glassfish/jakarta.json/1.1.6/jakarta.json-1.1.6.jar:/home/jarotball/.m2/repository/io/helidon/config/helidon-config-yaml/2.4.2/helidon-config-yaml-2.4.2.jar:/home/jarotball/.m2/repository/org/yaml/snakeyaml/1.27/snakeyaml-1.27.jar:/home/jarotball/.m2/repository/jakarta/annotation/jakarta.annotation-api/1.3.5/jakarta.annotation-api-1.3.5.jar:/home/jarotball/.m2/repository/io/helidon/health/helidon-health/2.4.2/helidon-health-2.4.2.jar:/home/jarotball/.m2/repository/io/helidon/fault-tolerance/helidon-fault-tolerance/2.4.2/helidon-fault-tolerance-2.4.2.jar:/home/jarotball/.m2/repository/org/eclipse/microprofile/health/microprofile-health-api/2.2/microprofile-health-api-2.2.jar:/home/jarotball/.m2/repository/io/helidon/webserver/helidon-webserver-cors/2.4.2/helidon-webserver-cors-2.4.2.jar:/home/jarotball/.m2/repository/io/helidon/health/helidon-health-checks/2.4.2/helidon-health-checks-2.4.2.jar:/home/jarotball/.m2/repository/io/helidon/health/helidon-health-common/2.4.2/helidon-health-common-2.4.2.jar:/home/jarotball/.m2/repository/io/helidon/metrics/helidon-metrics/2.4.2/helidon-metrics-2.4.2.jar:/home/jarotball/.m2/repository/io/helidon/config/helidon-config-mp/2.4.2/helidon-config-mp-2.4.2.jar:/home/jarotball/.m2/repository/org/eclipse/microprofile/config/microprofile-config-api/1.4/microprofile-config-api-1.4.jar:/home/jarotball/.m2/repository/io/helidon/config/helidon-config-yaml-mp/2.4.2/helidon-config-yaml-mp-2.4.2.jar:/home/jarotball/.m2/repository/io/helidon/common/helidon-common-service-loader/2.4.2/helidon-common-service-loader-2.4.2.jar:/home/jarotball/.m2/repository/io/helidon/common/helidon-common-configurable/2.4.2/helidon-common-configurable-2.4.2.jar:/home/jarotball/.m2/repository/io/helidon/metrics/helidon-metrics-api/2.4.2/helidon-metrics-api-2.4.2.jar:/home/jarotball/.m2/repository/io/helidon/config/helidon-config-metadata/2.4.2/helidon-config-metadata-2.4.2.jar:/home/jarotball/.m2/repository/io/helidon/metrics/helidon-metrics-service-api/2.4.2/helidon-metrics-service-api-2.4.2.jar:/home/jarotball/.m2/repository/org/eclipse/microprofile/metrics/microprofile-metrics-api/2.3.2/microprofile-metrics-api-2.3.2.jar:/home/jarotball/.m2/repository/io/helidon/service-common/helidon-service-common-rest/2.4.2/helidon-service-common-rest-2.4.2.jar:/home/jarotball/.m2/repository/org/junit/jupiter/junit-jupiter-api/5.7.0/junit-jupiter-api-5.7.0.jar:/home/jarotball/.m2/repository/org/apiguardian/apiguardian-api/1.1.0/apiguardian-api-1.1.0.jar:/home/jarotball/.m2/repository/org/opentest4j/opentest4j/1.2.0/opentest4j-1.2.0.jar:/home/jarotball/.m2/repository/org/junit/platform/junit-platform-commons/1.7.0/junit-platform-commons-1.7.0.jar:/home/jarotball/.m2/repository/io/helidon/webclient/helidon-webclient/2.4.2/helidon-webclient-2.4.2.jar:/home/jarotball/.m2/repository/io/helidon/common/helidon-common-context/2.4.2/helidon-common-context-2.4.2.jar:/home/jarotball/.m2/repository/io/netty/netty-buffer/4.1.73.Final/netty-buffer-4.1.73.Final.jar:/home/jarotball/.m2/repository/io/netty/netty-handler-proxy/4.1.73.Final/netty-handler-proxy-4.1.73.Final.jar:/home/jarotball/.m2/repository/io/netty/netty-codec-socks/4.1.73.Final/netty-codec-socks-4.1.73.Final.jar:"/>
    <property name="java.vm.vendor" value="Oracle Corporation"/>
    <property name="sun.arch.data.model" value="64"/>
    <property name="java.vendor.url" value="https://java.oracle.com/"/>
    <property name="user.timezone" value="Asia/Dhaka"/>
    <property name="os.name" value="Linux"/>
    <property name="java.vm.specification.version" value="15"/>
    <property name="sun.java.launcher" value="SUN_STANDARD"/>
    <property name="user.country" value="US"/>
    <property name="sun.boot.library.path" value="/home/jarotball/soft/jdk-15/lib"/>
    <property name="sun.java.command" value="/home/jarotball/study/MyDevSecOps_Community/oci_developer/oci_to_build_java_app_helidon/lab_1/java-devlive/target/surefire/surefirebooter6393728544567669215.jar /home/jarotball/study/MyDevSecOps_Community/oci_developer/oci_to_build_java_app_helidon/lab_1/java-devlive/target/surefire 2022-04-05T13-21-50_863-jvmRun1 surefire3838720457285064800tmp surefire_013119430908866192776tmp"/>
    <property name="jdk.debug" value="release"/>
    <property name="surefire.test.class.path" value="/home/jarotball/study/MyDevSecOps_Community/oci_developer/oci_to_build_java_app_helidon/lab_1/java-devlive/target/test-classes:/home/jarotball/study/MyDevSecOps_Community/oci_developer/oci_to_build_java_app_helidon/lab_1/java-devlive/target/classes:/home/jarotball/.m2/repository/io/helidon/webserver/helidon-webserver/2.4.2/helidon-webserver-2.4.2.jar:/home/jarotball/.m2/repository/io/helidon/common/helidon-common-reactive/2.4.2/helidon-common-reactive-2.4.2.jar:/home/jarotball/.m2/repository/io/helidon/common/helidon-common-mapper/2.4.2/helidon-common-mapper-2.4.2.jar:/home/jarotball/.m2/repository/io/helidon/common/helidon-common/2.4.2/helidon-common-2.4.2.jar:/home/jarotball/.m2/repository/io/helidon/common/helidon-common-http/2.4.2/helidon-common-http-2.4.2.jar:/home/jarotball/.m2/repository/io/helidon/media/helidon-media-common/2.4.2/helidon-media-common-2.4.2.jar:/home/jarotball/.m2/repository/io/helidon/config/helidon-config/2.4.2/helidon-config-2.4.2.jar:/home/jarotball/.m2/repository/io/helidon/common/helidon-common-media-type/2.4.2/helidon-common-media-type-2.4.2.jar:/home/jarotball/.m2/repository/io/helidon/common/helidon-common-key-util/2.4.2/helidon-common-key-util-2.4.2.jar:/home/jarotball/.m2/repository/io/helidon/logging/helidon-logging-common/2.4.2/helidon-logging-common-2.4.2.jar:/home/jarotball/.m2/repository/io/opentracing/opentracing-util/0.33.0/opentracing-util-0.33.0.jar:/home/jarotball/.m2/repository/io/opentracing/opentracing-api/0.33.0/opentracing-api-0.33.0.jar:/home/jarotball/.m2/repository/io/opentracing/opentracing-noop/0.33.0/opentracing-noop-0.33.0.jar:/home/jarotball/.m2/repository/io/helidon/tracing/helidon-tracing-config/2.4.2/helidon-tracing-config-2.4.2.jar:/home/jarotball/.m2/repository/io/netty/netty-codec-http/4.1.73.Final/netty-codec-http-4.1.73.Final.jar:/home/jarotball/.m2/repository/io/netty/netty-common/4.1.73.Final/netty-common-4.1.73.Final.jar:/home/jarotball/.m2/repository/io/netty/netty-transport/4.1.73.Final/netty-transport-4.1.73.Final.jar:/home/jarotball/.m2/repository/io/netty/netty-codec/4.1.73.Final/netty-codec-4.1.73.Final.jar:/home/jarotball/.m2/repository/io/netty/netty-codec-http2/4.1.73.Final/netty-codec-http2-4.1.73.Final.jar:/home/jarotball/.m2/repository/io/netty/netty-handler/4.1.73.Final/netty-handler-4.1.73.Final.jar:/home/jarotball/.m2/repository/io/netty/netty-resolver/4.1.73.Final/netty-resolver-4.1.73.Final.jar:/home/jarotball/.m2/repository/io/netty/netty-tcnative-classes/2.0.46.Final/netty-tcnative-classes-2.0.46.Final.jar:/home/jarotball/.m2/repository/io/helidon/media/helidon-media-jsonp/2.4.2/helidon-media-jsonp-2.4.2.jar:/home/jarotball/.m2/repository/org/glassfish/jakarta.json/1.1.6/jakarta.json-1.1.6.jar:/home/jarotball/.m2/repository/io/helidon/config/helidon-config-yaml/2.4.2/helidon-config-yaml-2.4.2.jar:/home/jarotball/.m2/repository/org/yaml/snakeyaml/1.27/snakeyaml-1.27.jar:/home/jarotball/.m2/repository/jakarta/annotation/jakarta.annotation-api/1.3.5/jakarta.annotation-api-1.3.5.jar:/home/jarotball/.m2/repository/io/helidon/health/helidon-health/2.4.2/helidon-health-2.4.2.jar:/home/jarotball/.m2/repository/io/helidon/fault-tolerance/helidon-fault-tolerance/2.4.2/helidon-fault-tolerance-2.4.2.jar:/home/jarotball/.m2/repository/org/eclipse/microprofile/health/microprofile-health-api/2.2/microprofile-health-api-2.2.jar:/home/jarotball/.m2/repository/io/helidon/webserver/helidon-webserver-cors/2.4.2/helidon-webserver-cors-2.4.2.jar:/home/jarotball/.m2/repository/io/helidon/health/helidon-health-checks/2.4.2/helidon-health-checks-2.4.2.jar:/home/jarotball/.m2/repository/io/helidon/health/helidon-health-common/2.4.2/helidon-health-common-2.4.2.jar:/home/jarotball/.m2/repository/io/helidon/metrics/helidon-metrics/2.4.2/helidon-metrics-2.4.2.jar:/home/jarotball/.m2/repository/io/helidon/config/helidon-config-mp/2.4.2/helidon-config-mp-2.4.2.jar:/home/jarotball/.m2/repository/org/eclipse/microprofile/config/microprofile-config-api/1.4/microprofile-config-api-1.4.jar:/home/jarotball/.m2/repository/io/helidon/config/helidon-config-yaml-mp/2.4.2/helidon-config-yaml-mp-2.4.2.jar:/home/jarotball/.m2/repository/io/helidon/common/helidon-common-service-loader/2.4.2/helidon-common-service-loader-2.4.2.jar:/home/jarotball/.m2/repository/io/helidon/common/helidon-common-configurable/2.4.2/helidon-common-configurable-2.4.2.jar:/home/jarotball/.m2/repository/io/helidon/metrics/helidon-metrics-api/2.4.2/helidon-metrics-api-2.4.2.jar:/home/jarotball/.m2/repository/io/helidon/config/helidon-config-metadata/2.4.2/helidon-config-metadata-2.4.2.jar:/home/jarotball/.m2/repository/io/helidon/metrics/helidon-metrics-service-api/2.4.2/helidon-metrics-service-api-2.4.2.jar:/home/jarotball/.m2/repository/org/eclipse/microprofile/metrics/microprofile-metrics-api/2.3.2/microprofile-metrics-api-2.3.2.jar:/home/jarotball/.m2/repository/io/helidon/service-common/helidon-service-common-rest/2.4.2/helidon-service-common-rest-2.4.2.jar:/home/jarotball/.m2/repository/org/junit/jupiter/junit-jupiter-api/5.7.0/junit-jupiter-api-5.7.0.jar:/home/jarotball/.m2/repository/org/apiguardian/apiguardian-api/1.1.0/apiguardian-api-1.1.0.jar:/home/jarotball/.m2/repository/org/opentest4j/opentest4j/1.2.0/opentest4j-1.2.0.jar:/home/jarotball/.m2/repository/org/junit/platform/junit-platform-commons/1.7.0/junit-platform-commons-1.7.0.jar:/home/jarotball/.m2/repository/io/helidon/webclient/helidon-webclient/2.4.2/helidon-webclient-2.4.2.jar:/home/jarotball/.m2/repository/io/helidon/common/helidon-common-context/2.4.2/helidon-common-context-2.4.2.jar:/home/jarotball/.m2/repository/io/netty/netty-buffer/4.1.73.Final/netty-buffer-4.1.73.Final.jar:/home/jarotball/.m2/repository/io/netty/netty-handler-proxy/4.1.73.Final/netty-handler-proxy-4.1.73.Final.jar:/home/jarotball/.m2/repository/io/netty/netty-codec-socks/4.1.73.Final/netty-codec-socks-4.1.73.Final.jar:"/>
    <property name="sun.cpu.endian" value="little"/>
    <property name="user.home" value="/home/jarotball"/>
    <property name="user.language" value="en"/>
    <property name="java.specification.vendor" value="Oracle Corporation"/>
    <property name="io.netty.allocator.maxOrder" value="6"/>
    <property name="java.version.date" value="2020-09-15"/>
    <property name="java.home" value="/home/jarotball/soft/jdk-15"/>
    <property name="file.separator" value="/"/>
    <property name="basedir" value="/home/jarotball/study/MyDevSecOps_Community/oci_developer/oci_to_build_java_app_helidon/lab_1/java-devlive"/>
    <property name="java.vm.compressedOopsMode" value="Zero based"/>
    <property name="line.separator" value="&#10;"/>
    <property name="java.vm.specification.vendor" value="Oracle Corporation"/>
    <property name="java.specification.name" value="Java Platform API Specification"/>
    <property name="surefire.real.class.path" value="/home/jarotball/study/MyDevSecOps_Community/oci_developer/oci_to_build_java_app_helidon/lab_1/java-devlive/target/surefire/surefirebooter6393728544567669215.jar"/>
    <property name="java.util.logging.config.file" value="/home/jarotball/study/MyDevSecOps_Community/oci_developer/oci_to_build_java_app_helidon/lab_1/java-devlive/target/classes/logging.properties"/>
    <property name="sun.management.compiler" value="HotSpot 64-Bit Tiered Compilers"/>
    <property name="java.runtime.version" value="15+36-1562"/>
    <property name="user.name" value="jarotball"/>
    <property name="path.separator" value=":"/>
    <property name="os.version" value="5.4.0-107-generic"/>
    <property name="java.runtime.name" value="OpenJDK Runtime Environment"/>
    <property name="file.encoding" value="UTF-8"/>
    <property name="java.vm.name" value="OpenJDK 64-Bit Server VM"/>
    <property name="localRepository" value="/home/jarotball/.m2/repository"/>
    <property name="java.vendor.url.bug" value="https://bugreport.java.com/bugreport/"/>
    <property name="java.io.tmpdir" value="/tmp"/>
    <property name="java.version" value="15"/>
    <property name="user.dir" value="/home/jarotball/study/MyDevSecOps_Community/oci_developer/oci_to_build_java_app_helidon/lab_1/java-devlive"/>
    <property name="os.arch" value="amd64"/>
    <property name="java.vm.specification.name" value="Java Virtual Machine Specification"/>
    <property name="java.library.path" value="/usr/java/packages/lib:/usr/lib64:/lib64:/lib:/usr/lib"/>
    <property name="java.vm.info" value="mixed mode, sharing"/>
    <property name="java.vendor" value="Oracle Corporation"/>
    <property name="java.vm.version" value="15+36-1562"/>
    <property name="sun.io.unicode.encoding" value="UnicodeLittle"/>
    <property name="java.class.version" value="59.0"/>
  </properties>
  <testcase name="testHelloWorld" classname="com.devlive.MainTest" time="0.178">
    <system-out><![CDATA[2022.04.05 13:21:51 INFO io.helidon.common.LogConfig Thread[main,5,main]: Logging at initialization configured using /home/jarotball/study/MyDevSecOps_Community/oci_developer/oci_to_build_java_app_helidon/lab_1/java-devlive/target/classes/logging.properties
2022.04.05 13:21:51 INFO io.helidon.common.HelidonFeatures Thread[features-thread,5,main]: Helidon SE 2.4.2 features: [Config, Health, Metrics, Web Client, WebServer]
2022.04.05 13:21:51 INFO io.helidon.common.HelidonFeatures.experimental Thread[features-thread,5,main]: You are using experimental features. These APIs may change, please follow changelog!
2022.04.05 13:21:51 INFO io.helidon.common.HelidonFeatures.experimental Thread[features-thread,5,main]: 	Experimental feature: Web Client (WebClient)
2022.04.05 13:21:51 INFO io.helidon.webserver.NettyWebServer Thread[nioEventLoopGroup-2-1,10,main]: Channel '@default' started: [id: 0xa8af881e, L:/[0:0:0:0:0:0:0:0]:8080]
WEB server is up! http://localhost:8080/oracle
2022.04.05 13:21:52 INFO com.devlive.GreetService Thread[nioEventLoopGroup-3-1,10,main]: Greeting message is Welcome to Oracle Corp!
]]></system-out>
  </testcase>
</testsuite>